<?xml version="1.0" encoding="UTF-8"?>
<!-- Generated by org.testng.reporters.JUnitReportReporter -->
<testsuite hostname="IBM-965GDN3" failures="0" tests="1" name="appium.MobileTesting.Logintest" time="223.772" errors="0" timestamp="31 Dec 2023 09:38:02 GMT" skipped="0">
  <testcase classname="appium.MobileTesting.Logintest" name="appiumtest1" time="223.772"/>
</testsuite> <!-- appium.MobileTesting.Logintest -->
