<?xml version="1.0" encoding="UTF-8"?>
<!-- Generated by org.testng.reporters.JUnitReportReporter -->
<testsuite hostname="IBM-965GDN3" failures="0" tests="1" name="com.ibm.Logintest" time="30.826" errors="0" timestamp="2024-05-20T13:54:18 IST" skipped="0">
  <testcase classname="com.ibm.Logintest" name="OBIEE" time="30.826"/>
  <system-out/>
</testsuite> <!-- com.ibm.Logintest -->
