<?xml version="1.0" encoding="UTF-8"?>
<!-- Generated by org.testng.reporters.JUnitReportReporter -->
<testsuite hostname="IBM-965GDN3" failures="0" tests="2" name="appium.MobileTesting.Logintest" time="235.918" errors="0" timestamp="04 Jan 2024 08:56:51 GMT" skipped="0">
  <testcase classname="appium.MobileTesting.Logintest" name="testAppium1" time="235.918"/>
  <testcase classname="appium.MobileTesting.Logintest" name="testAppium2" time="0.000"/>
</testsuite> <!-- appium.MobileTesting.Logintest -->
