<?xml version="1.0" encoding="UTF-8"?>
<!-- Generated by org.testng.reporters.JUnitReportReporter -->
<testsuite hostname="IBM-965GDN3" failures="0" tests="1" name="appium.MobileTesting.Logintest" time="318.895" errors="0" timestamp="11 Jan 2024 10:00:57 GMT" skipped="0">
  <testcase classname="appium.MobileTesting.Logintest" name="testAppium1" time="318.895"/>
</testsuite> <!-- appium.MobileTesting.Logintest -->
