<?xml version="1.0" encoding="UTF-8"?>
<!-- Generated by org.testng.reporters.JUnitReportReporter -->
<testsuite hostname="IBM-965GDN3" failures="0" tests="1" name="appium.MobileTesting.WhatsAppWeb" time="40.205" errors="0" timestamp="2024-01-02T23:12:14 IST" skipped="0">
  <testcase classname="appium.MobileTesting.WhatsAppWeb" name="whatsappAutomation" time="40.205"/>
</testsuite> <!-- appium.MobileTesting.WhatsAppWeb -->
