<?xml version="1.0" encoding="UTF-8"?>
<!-- Generated by org.testng.reporters.JUnitReportReporter -->
<testsuite hostname="IBM-965GDN3" failures="0" tests="1" name="com.appium.Test.TestLogin" time="165.701" errors="0" timestamp="2024-01-03T14:30:33 IST" skipped="0">
  <testcase classname="com.appium.Test.TestLogin" name="TestAppium1" time="165.701"/>
</testsuite> <!-- com.appium.Test.TestLogin -->
