<?xml version="1.0" encoding="UTF-8"?>
<!-- Generated by org.testng.reporters.JUnitReportReporter -->
<testsuite hostname="IBM-965GDN3" failures="0" tests="1" name="com.ibm.Logintest" time="45.359" errors="0" timestamp="2024-05-20T15:31:01 IST" skipped="0">
  <testcase classname="com.ibm.Logintest" name="OBIEE" time="45.359"/>
  <system-out/>
</testsuite> <!-- com.ibm.Logintest -->
