<?xml version="1.0" encoding="UTF-8"?>
<!-- Generated by org.testng.reporters.JUnitReportReporter -->
<testsuite hostname="IBM-965GDN3" failures="0" tests="2" name="appium.MobileTesting.Logintest" time="152.737" errors="0" timestamp="02 Jan 2024 14:38:32 GMT" skipped="0">
  <testcase classname="appium.MobileTesting.Logintest" name="testAppium2" time="0.002"/>
  <testcase classname="appium.MobileTesting.Logintest" name="testAppium1" time="152.735"/>
</testsuite> <!-- appium.MobileTesting.Logintest -->
