<?xml version="1.0" encoding="UTF-8"?>
<!-- Generated by org.testng.reporters.JUnitReportReporter -->
<testsuite hostname="IBM-965GDN3" failures="0" tests="1" name="appium.MobileTesting.Logintest" time="58.455" errors="0" timestamp="09 Jan 2024 08:49:06 GMT" skipped="0">
  <testcase classname="appium.MobileTesting.Logintest" name="testAppium1" time="58.455"/>
</testsuite> <!-- appium.MobileTesting.Logintest -->
